2024-12-09 09:26:50.143 - DBeaver 24.2.5.202411171748 is starting
2024-12-09 09:26:50.143 - OS: Windows 10 10.0 (amd64)
2024-12-09 09:26:50.144 - Java version: 17.0.6 by Eclipse Adoptium (64bit)
2024-12-09 09:26:50.144 - Install path: 'C:\Users\EZENIC-038\AppData\Local\DBeaver'
2024-12-09 09:26:50.144 - Instance path: 'file:/C:/Users/EZENIC-038/AppData/Roaming/DBeaverData/workspace6/'
2024-12-09 09:26:50.146 - Memory available 64Mb/1024Mb
2024-12-09 09:26:50.154 - Create display
2024-12-09 09:26:50.514 - Starting instance server at http://localhost:49799
2024-12-09 09:26:50.528 - Run workbench
> Start Eclipse e4 Workbench SWT [org.eclipse.e4.ui.workbench.swt 0.17.500.v20240807-0911]
> Start Eclipse Application Services [org.eclipse.e4.core.services 2.4.400.v20240413-1529]
> Start Eclipse UI Application Services [org.eclipse.e4.ui.services 1.6.300.v20231201-1637]
> Start Eclipse e4 Progress View [org.eclipse.e4.ui.progress 0.4.600.v20240606-1020]
> Start Eclipse Bindings Support [org.eclipse.e4.ui.bindings 0.14.400.v20240321-1245]
> Start Eclipse e4 core commands [org.eclipse.e4.core.commands 1.1.400.v20240424-0444]
> Start EMF XML/XMI Persistence [org.eclipse.emf.ecore.xmi 2.38.0.v20240721-0634]
> Start Eclipse CSS SWT Theme Support [org.eclipse.e4.ui.css.swt.theme 0.14.400.v20240424-0956]
> Start Eclipse e4 Workbench Add-ons [org.eclipse.e4.ui.workbench.addons.swt 1.5.500.v20240620-1945]
> Start Eclipse e4 Workbench SWT Renderer [org.eclipse.e4.ui.workbench.renderers.swt 0.16.500.v20240727-1037]
> Start Eclipse Dependency Injection Extensions [org.eclipse.e4.core.di.extensions 0.18.300.v20240413-1529]
> Start Eclipse CSS SWT Support [org.eclipse.e4.ui.css.swt 0.15.400.v20240321-1245]
> Start Default Text Editor [org.eclipse.ui.editors 3.18.0.v20240807-0735]
> Start Text Editor Framework [org.eclipse.ui.workbench.texteditor 3.18.0.v20240819-1419]
2024-12-09 09:26:53.067 - Configure workbench window
> Start DBeaver SQL Model [org.jkiss.dbeaver.model.sql 1.0.133.202411171748]
2024-12-09 09:26:53.322 - Total database drivers: 120 (120)
> Start Help System Core [org.eclipse.help 3.10.400.v20240415-0528]
2024-12-09 09:26:53.413 - Create actions
2024-12-09 09:26:53.420 - Disable Eclipse action set 'org.eclipse.ui.edit.text.actionSet.annotationNavigation'
2024-12-09 09:26:53.420 - Disable Eclipse action set 'org.eclipse.ui.WorkingSetActionSet'
2024-12-09 09:26:53.421 - Disable Eclipse action set 'org.eclipse.ui.actionSet.openFiles'
2024-12-09 09:26:53.421 - Create workbench actions
2024-12-09 09:26:53.885 - Initialize workbench window
2024-12-09 09:26:53.893 - Finish initialization
> Start DBeaver UI Editors - Data [org.jkiss.dbeaver.ui.editors.data 1.0.143.202411171748]
Warning: NLS unused message: actions_navigator__objects in: org.jkiss.dbeaver.ui.editors.sql.internal.SQLEditorMessages
> Start DBeaver UI Editors - SQL [org.jkiss.dbeaver.ui.editors.sql 1.0.143.202411171748]
> Start DBeaver SQL Terminal [org.jkiss.dbeaver.ui.editors.sql.terminal 1.0.119.202411171748]
> Start Core Compare Support [org.eclipse.compare.core 3.8.500.v20240524-2010]
> Start Internet Connection Management UI [org.eclipse.ui.net 1.5.400.v20240413-1529]
> Start Internet Connection Management [org.eclipse.core.net 1.5.500.v20240625-1706]
> Start DBeaver Sample Database [org.jkiss.dbeaver.ext.sample.database 1.0.180.202411171748]
> Start DBeaver Tip of the day [org.jkiss.dbeaver.ext.ui.tipoftheday 1.0.149.202411171748]
> Start GEF Classic Draw2d [org.eclipse.draw2d 3.17.0.202409021815]
> Start GEF Classic GEF (MVC) [org.eclipse.gef 3.19.0.202409021815]
> Start DBeaver ERD UI [org.jkiss.dbeaver.erd.ui 3.0.103.202411171748]
> Start DBeaver ERD Model [org.jkiss.dbeaver.erd.model 1.0.103.202411171748]
> Start DBeaver Dashboard UI [org.jkiss.dbeaver.ui.dashboard 1.0.140.202411171748]
> Start DBeaver JDBC Model [org.jkiss.dbeaver.model.jdbc 1.0.36.202411171748]
> Start DBeaver Oracle Model [org.jkiss.dbeaver.ext.oracle 2.1.228.202411171748]
> Start DBeaver UI Editors - Connections [org.jkiss.dbeaver.ui.editors.connection 1.0.134.202411171748]
> Start DBeaver MySQL Support [org.jkiss.dbeaver.ext.mysql 2.1.228.202411171748]
> Start Console [org.eclipse.ui.console 3.14.100.v20240429-1358]
> Start Debug Core [org.eclipse.debug.core 3.21.500.v20240801-2219]
> Start DBeaver SQL Language Semantic Model [org.jkiss.dbeaver.model.lsm 1.0.38.202411171748]
> Start DBeaver Tasks - Native Tools UI [org.jkiss.dbeaver.tasks.native.ui 1.0.121.202411171748]
> Start DBeaver MySQL UI Support [org.jkiss.dbeaver.ext.mysql.ui 1.0.135.202411171748]
> Start DBeaver Tasks - General UI [org.jkiss.dbeaver.tasks.ui 1.0.121.202411171748]
2024-12-09 09:26:57.802 - Connect with 'localhost 2' (mysql8-1939a18f57e-4f6b7c7b789d4747)
2024-12-09 09:26:57.851 - Execution context opened (localhost 2; Main; 0)
> Start DBeaver GIS Support [org.jkiss.dbeaver.data.gis 1.0.167.202411171748]
2024-12-09 09:26:58.170 - Execution context opened (localhost 2; Metadata; 1)
2024-12-09 09:26:58.290 - Connected (mysql8-1939a18f57e-4f6b7c7b789d4747, MySQL Connector/J [mysql-connector-j-8.2.0 (Revision: 06a1f724497fd81c6a659131fda822c9e5085b6c)])
2024-12-09 09:26:58.296 - Execution context opened (localhost 2; SQLEditor <Script-10.sql>; 2)
2024-12-09 09:26:59.018 - Open [https://dbeaver.io/product/version.xml]
2024-12-09 10:12:20.189 - DBeaver 24.2.5.202411171748 is starting
2024-12-09 10:12:20.189 - OS: Windows 10 10.0 (amd64)
2024-12-09 10:12:20.190 - Java version: 17.0.6 by Eclipse Adoptium (64bit)
2024-12-09 10:12:20.192 - Install path: 'C:\Users\EZENIC-038\AppData\Local\DBeaver'
2024-12-09 10:12:20.193 - Instance path: 'file:/C:/Users/EZENIC-038/AppData/Roaming/DBeaverData/workspace6/'
2024-12-09 10:12:20.194 - Memory available 64Mb/1024Mb
2024-12-09 10:12:20.510 - Can't start instance server because other instance is already running
2024-12-09 10:12:20.516 - Run workbench
> Start Eclipse e4 Workbench SWT [org.eclipse.e4.ui.workbench.swt 0.17.500.v20240807-0911]
> Start Eclipse Application Services [org.eclipse.e4.core.services 2.4.400.v20240413-1529]
> Start Eclipse UI Application Services [org.eclipse.e4.ui.services 1.6.300.v20231201-1637]
> Start Eclipse e4 Progress View [org.eclipse.e4.ui.progress 0.4.600.v20240606-1020]
> Start Eclipse Bindings Support [org.eclipse.e4.ui.bindings 0.14.400.v20240321-1245]
> Start Eclipse e4 core commands [org.eclipse.e4.core.commands 1.1.400.v20240424-0444]
> Start EMF XML/XMI Persistence [org.eclipse.emf.ecore.xmi 2.38.0.v20240721-0634]
> Start Eclipse CSS SWT Theme Support [org.eclipse.e4.ui.css.swt.theme 0.14.400.v20240424-0956]
> Start Eclipse e4 Workbench Add-ons [org.eclipse.e4.ui.workbench.addons.swt 1.5.500.v20240620-1945]
> Start Eclipse e4 Workbench SWT Renderer [org.eclipse.e4.ui.workbench.renderers.swt 0.16.500.v20240727-1037]
> Start Eclipse Dependency Injection Extensions [org.eclipse.e4.core.di.extensions 0.18.300.v20240413-1529]
2024-12-09 10:12:21.607 - Internal error in workbench lifecycle
org.eclipse.swt.SWTError: No more handles
	at org.eclipse.swt.SWT.error(SWT.java:4948)
	at org.eclipse.swt.SWT.error(SWT.java:4837)
	at org.eclipse.swt.SWT.error(SWT.java:4808)
	at org.eclipse.swt.widgets.Widget.error(Widget.java:500)
	at org.eclipse.swt.widgets.Control.createHandle(Control.java:675)
	at org.eclipse.swt.widgets.Scrollable.createHandle(Scrollable.java:146)
	at org.eclipse.swt.widgets.Composite.createHandle(Composite.java:300)
	at org.eclipse.swt.widgets.Control.createWidget(Control.java:701)
	at org.eclipse.swt.widgets.Scrollable.createWidget(Scrollable.java:161)
	at org.eclipse.swt.widgets.Control.<init>(Control.java:121)
	at org.eclipse.swt.widgets.Scrollable.<init>(Scrollable.java:85)
	at org.eclipse.swt.widgets.Composite.<init>(Composite.java:103)
	at org.eclipse.ui.splash.BasicSplashHandler.getBundleProgressMonitor(BasicSplashHandler.java:136)
	at org.jkiss.dbeaver.ui.app.standalone.DBeaverSplashHandler.getBundleProgressMonitor(DBeaverSplashHandler.java:88)
	at org.eclipse.ui.splash.BasicSplashHandler.getContent(BasicSplashHandler.java:222)
	at org.jkiss.dbeaver.ui.app.standalone.DBeaverSplashHandler.initVisualization(DBeaverSplashHandler.java:125)
	at org.jkiss.dbeaver.ui.app.standalone.DBeaverSplashHandler.init(DBeaverSplashHandler.java:73)
	at org.eclipse.ui.internal.Workbench$3.run(Workbench.java:809)
	at org.eclipse.core.runtime.SafeRunner.run(SafeRunner.java:47)
	at org.eclipse.ui.internal.Workbench.createSplashWrapper(Workbench.java:823)
	at org.eclipse.ui.internal.Workbench.lambda$3(Workbench.java:607)
	at org.eclipse.core.databinding.observable.Realm.runWithDefault(Realm.java:339)
	at org.eclipse.ui.internal.Workbench.createAndRunWorkbench(Workbench.java:546)
	at org.eclipse.ui.PlatformUI.createAndRunWorkbench(PlatformUI.java:173)
	at org.jkiss.dbeaver.ui.app.standalone.DBeaverApplication.start(DBeaverApplication.java:293)
	at org.eclipse.equinox.internal.app.EclipseAppHandle.run(EclipseAppHandle.java:208)
	at org.eclipse.core.runtime.internal.adaptor.EclipseAppLauncher.runApplication(EclipseAppLauncher.java:143)
	at org.eclipse.core.runtime.internal.adaptor.EclipseAppLauncher.start(EclipseAppLauncher.java:109)
	at org.eclipse.core.runtime.adaptor.EclipseStarter.run(EclipseStarter.java:439)
	at org.eclipse.core.runtime.adaptor.EclipseStarter.run(EclipseStarter.java:271)
	at java.base/jdk.internal.reflect.NativeMethodAccessorImpl.invoke0(Native Method)
	at java.base/jdk.internal.reflect.NativeMethodAccessorImpl.invoke(Unknown Source)
	at java.base/jdk.internal.reflect.DelegatingMethodAccessorImpl.invoke(Unknown Source)
	at java.base/java.lang.reflect.Method.invoke(Unknown Source)
	at org.jkiss.dbeaver.launcher.DBeaverLauncher.invokeFramework(DBeaverLauncher.java:650)
	at org.jkiss.dbeaver.launcher.DBeaverLauncher.basicRun(DBeaverLauncher.java:610)
	at org.jkiss.dbeaver.launcher.DBeaverLauncher.run(DBeaverLauncher.java:1461)
2024-12-09 10:12:21.609 - DBeaver is stopping
2024-12-09 10:12:21.640 - Shutdown desktop platform...
org.eclipse.swt.SWTException: Invalid thread access
	at org.eclipse.swt.SWT.error(SWT.java:4922)
	at org.eclipse.swt.SWT.error(SWT.java:4837)
	at org.eclipse.swt.SWT.error(SWT.java:4808)
	at org.eclipse.swt.widgets.Widget.error(Widget.java:500)
	at org.eclipse.swt.widgets.Widget.checkWidget(Widget.java:420)
	at org.eclipse.swt.widgets.Widget.checkParent(Widget.java:351)
	at org.eclipse.swt.widgets.Widget.<init>(Widget.java:182)
	at org.eclipse.swt.widgets.Control.<init>(Control.java:119)
	at org.eclipse.swt.widgets.Scrollable.<init>(Scrollable.java:85)
	at org.eclipse.swt.widgets.Composite.<init>(Composite.java:103)
	at org.eclipse.ui.splash.BasicSplashHandler.getBundleProgressMonitor(BasicSplashHandler.java:136)
	at org.jkiss.dbeaver.ui.app.standalone.DBeaverSplashHandler.getBundleProgressMonitor(DBeaverSplashHandler.java:88)
	at org.jkiss.dbeaver.ui.app.standalone.DBeaverSplashHandler.getActiveMonitor(DBeaverSplashHandler.java:47)
	at org.jkiss.dbeaver.ui.app.standalone.DBeaverSplashHandler.showMessage(DBeaverSplashHandler.java:162)
	at org.jkiss.dbeaver.ui.app.standalone.DBeaverApplication.lambda$1(DBeaverApplication.java:491)
	at org.jkiss.dbeaver.Log.debugMessage(Log.java:280)
	at org.jkiss.dbeaver.Log.debug(Log.java:249)
	at org.jkiss.dbeaver.Log.debug(Log.java:238)
	at org.jkiss.dbeaver.core.DesktopPlatform.dispose(DesktopPlatform.java:160)
	at org.jkiss.dbeaver.core.DBeaverActivator.shutdownCore(DBeaverActivator.java:198)
	at org.jkiss.dbeaver.core.DBeaverActivator.stop(DBeaverActivator.java:162)
	at org.eclipse.osgi.internal.framework.BundleContextImpl$3.run(BundleContextImpl.java:903)
	at org.eclipse.osgi.internal.framework.BundleContextImpl$3.run(BundleContextImpl.java:1)
	at java.base/java.security.AccessController.doPrivileged(Unknown Source)
	at org.eclipse.osgi.internal.framework.BundleContextImpl.stop(BundleContextImpl.java:895)
	at org.eclipse.osgi.internal.framework.EquinoxBundle.stopWorker0(EquinoxBundle.java:1071)
	at org.eclipse.osgi.internal.framework.EquinoxBundle$EquinoxModule.stopWorker(EquinoxBundle.java:392)
	at org.eclipse.osgi.container.Module.doStop(Module.java:695)
	at org.eclipse.osgi.container.Module.stop(Module.java:554)
	at org.eclipse.osgi.container.ModuleContainer$ContainerStartLevel.decStartLevel(ModuleContainer.java:2116)
	at org.eclipse.osgi.container.ModuleContainer$ContainerStartLevel.doContainerStartLevel(ModuleContainer.java:1986)
	at org.eclipse.osgi.container.SystemModule.stopWorker(SystemModule.java:281)
	at org.eclipse.osgi.internal.framework.EquinoxBundle$SystemBundle$EquinoxSystemModule.stopWorker(EquinoxBundle.java:222)
	at org.eclipse.osgi.container.Module.doStop(Module.java:695)
	at org.eclipse.osgi.container.Module.stop(Module.java:554)
	at org.eclipse.osgi.container.SystemModule.stop(SystemModule.java:212)
	at org.eclipse.osgi.internal.framework.EquinoxBundle$SystemBundle$EquinoxSystemModule$1.run(EquinoxBundle.java:240)
	at java.base/java.lang.Thread.run(Unknown Source)
2024-12-09 10:12:21.643 - send collected statistics
org.eclipse.swt.SWTException: Invalid thread access
	at org.eclipse.swt.SWT.error(SWT.java:4922)
	at org.eclipse.swt.SWT.error(SWT.java:4837)
	at org.eclipse.swt.SWT.error(SWT.java:4808)
	at org.eclipse.swt.widgets.Widget.error(Widget.java:500)
	at org.eclipse.swt.widgets.Widget.checkWidget(Widget.java:420)
	at org.eclipse.swt.widgets.Widget.checkParent(Widget.java:351)
	at org.eclipse.swt.widgets.Widget.<init>(Widget.java:182)
	at org.eclipse.swt.widgets.Control.<init>(Control.java:119)
	at org.eclipse.swt.widgets.Scrollable.<init>(Scrollable.java:85)
	at org.eclipse.swt.widgets.Composite.<init>(Composite.java:103)
	at org.eclipse.ui.splash.BasicSplashHandler.getBundleProgressMonitor(BasicSplashHandler.java:136)
	at org.jkiss.dbeaver.ui.app.standalone.DBeaverSplashHandler.getBundleProgressMonitor(DBeaverSplashHandler.java:88)
	at org.jkiss.dbeaver.ui.app.standalone.DBeaverSplashHandler.getActiveMonitor(DBeaverSplashHandler.java:47)
	at org.jkiss.dbeaver.ui.app.standalone.DBeaverSplashHandler.showMessage(DBeaverSplashHandler.java:162)
	at org.jkiss.dbeaver.ui.app.standalone.DBeaverApplication.lambda$1(DBeaverApplication.java:491)
	at org.jkiss.dbeaver.Log.debugMessage(Log.java:280)
	at org.jkiss.dbeaver.Log.debug(Log.java:249)
	at org.jkiss.dbeaver.Log.debug(Log.java:238)
	at org.jkiss.dbeaver.ui.statistics.FeatureStatisticsCollector.sendCollectedStatistics(FeatureStatisticsCollector.java:214)
	at org.jkiss.dbeaver.ui.statistics.FeatureStatisticsCollector.dispose(FeatureStatisticsCollector.java:209)
	at org.jkiss.dbeaver.model.runtime.features.DBRFeatureRegistry.endTracking(DBRFeatureRegistry.java:61)
	at org.jkiss.dbeaver.core.DesktopPlatform.dispose(DesktopPlatform.java:169)
	at org.jkiss.dbeaver.core.DBeaverActivator.shutdownCore(DBeaverActivator.java:198)
	at org.jkiss.dbeaver.core.DBeaverActivator.stop(DBeaverActivator.java:162)
	at org.eclipse.osgi.internal.framework.BundleContextImpl$3.run(BundleContextImpl.java:903)
	at org.eclipse.osgi.internal.framework.BundleContextImpl$3.run(BundleContextImpl.java:1)
	at java.base/java.security.AccessController.doPrivileged(Unknown Source)
	at org.eclipse.osgi.internal.framework.BundleContextImpl.stop(BundleContextImpl.java:895)
	at org.eclipse.osgi.internal.framework.EquinoxBundle.stopWorker0(EquinoxBundle.java:1071)
	at org.eclipse.osgi.internal.framework.EquinoxBundle$EquinoxModule.stopWorker(EquinoxBundle.java:392)
	at org.eclipse.osgi.container.Module.doStop(Module.java:695)
	at org.eclipse.osgi.container.Module.stop(Module.java:554)
	at org.eclipse.osgi.container.ModuleContainer$ContainerStartLevel.decStartLevel(ModuleContainer.java:2116)
	at org.eclipse.osgi.container.ModuleContainer$ContainerStartLevel.doContainerStartLevel(ModuleContainer.java:1986)
	at org.eclipse.osgi.container.SystemModule.stopWorker(SystemModule.java:281)
	at org.eclipse.osgi.internal.framework.EquinoxBundle$SystemBundle$EquinoxSystemModule.stopWorker(EquinoxBundle.java:222)
	at org.eclipse.osgi.container.Module.doStop(Module.java:695)
	at org.eclipse.osgi.container.Module.stop(Module.java:554)
	at org.eclipse.osgi.container.SystemModule.stop(SystemModule.java:212)
	at org.eclipse.osgi.internal.framework.EquinoxBundle$SystemBundle$EquinoxSystemModule$1.run(EquinoxBundle.java:240)
	at java.base/java.lang.Thread.run(Unknown Source)
2024-12-09 10:12:21.652 - Dispose navigator model
org.eclipse.swt.SWTException: Invalid thread access
	at org.eclipse.swt.SWT.error(SWT.java:4922)
	at org.eclipse.swt.SWT.error(SWT.java:4837)
	at org.eclipse.swt.SWT.error(SWT.java:4808)
	at org.eclipse.swt.widgets.Widget.error(Widget.java:500)
	at org.eclipse.swt.widgets.Widget.checkWidget(Widget.java:420)
	at org.eclipse.swt.widgets.Widget.checkParent(Widget.java:351)
	at org.eclipse.swt.widgets.Widget.<init>(Widget.java:182)
	at org.eclipse.swt.widgets.Control.<init>(Control.java:119)
	at org.eclipse.swt.widgets.Scrollable.<init>(Scrollable.java:85)
	at org.eclipse.swt.widgets.Composite.<init>(Composite.java:103)
	at org.eclipse.ui.splash.BasicSplashHandler.getBundleProgressMonitor(BasicSplashHandler.java:136)
	at org.jkiss.dbeaver.ui.app.standalone.DBeaverSplashHandler.getBundleProgressMonitor(DBeaverSplashHandler.java:88)
	at org.jkiss.dbeaver.ui.app.standalone.DBeaverSplashHandler.getActiveMonitor(DBeaverSplashHandler.java:47)
	at org.jkiss.dbeaver.ui.app.standalone.DBeaverSplashHandler.showMessage(DBeaverSplashHandler.java:162)
	at org.jkiss.dbeaver.ui.app.standalone.DBeaverApplication.lambda$1(DBeaverApplication.java:491)
	at org.jkiss.dbeaver.Log.debugMessage(Log.java:280)
	at org.jkiss.dbeaver.Log.debug(Log.java:249)
	at org.jkiss.dbeaver.Log.debug(Log.java:238)
	at org.jkiss.dbeaver.registry.BasePlatformImpl.disposeNavigatorModel(BasePlatformImpl.java:148)
	at org.jkiss.dbeaver.registry.BasePlatformImpl.dispose(BasePlatformImpl.java:143)
	at org.jkiss.dbeaver.core.DesktopPlatform.dispose(DesktopPlatform.java:171)
	at org.jkiss.dbeaver.core.DBeaverActivator.shutdownCore(DBeaverActivator.java:198)
	at org.jkiss.dbeaver.core.DBeaverActivator.stop(DBeaverActivator.java:162)
	at org.eclipse.osgi.internal.framework.BundleContextImpl$3.run(BundleContextImpl.java:903)
	at org.eclipse.osgi.internal.framework.BundleContextImpl$3.run(BundleContextImpl.java:1)
	at java.base/java.security.AccessController.doPrivileged(Unknown Source)
	at org.eclipse.osgi.internal.framework.BundleContextImpl.stop(BundleContextImpl.java:895)
	at org.eclipse.osgi.internal.framework.EquinoxBundle.stopWorker0(EquinoxBundle.java:1071)
	at org.eclipse.osgi.internal.framework.EquinoxBundle$EquinoxModule.stopWorker(EquinoxBundle.java:392)
	at org.eclipse.osgi.container.Module.doStop(Module.java:695)
	at org.eclipse.osgi.container.Module.stop(Module.java:554)
	at org.eclipse.osgi.container.ModuleContainer$ContainerStartLevel.decStartLevel(ModuleContainer.java:2116)
	at org.eclipse.osgi.container.ModuleContainer$ContainerStartLevel.doContainerStartLevel(ModuleContainer.java:1986)
	at org.eclipse.osgi.container.SystemModule.stopWorker(SystemModule.java:281)
	at org.eclipse.osgi.internal.framework.EquinoxBundle$SystemBundle$EquinoxSystemModule.stopWorker(EquinoxBundle.java:222)
	at org.eclipse.osgi.container.Module.doStop(Module.java:695)
	at org.eclipse.osgi.container.Module.stop(Module.java:554)
	at org.eclipse.osgi.container.SystemModule.stop(SystemModule.java:212)
	at org.eclipse.osgi.internal.framework.EquinoxBundle$SystemBundle$EquinoxSystemModule$1.run(EquinoxBundle.java:240)
	at java.base/java.lang.Thread.run(Unknown Source)
2024-12-09 10:12:21.684 - Platform shutdown completed (44ms)
org.eclipse.swt.SWTException: Invalid thread access
	at org.eclipse.swt.SWT.error(SWT.java:4922)
	at org.eclipse.swt.SWT.error(SWT.java:4837)
	at org.eclipse.swt.SWT.error(SWT.java:4808)
	at org.eclipse.swt.widgets.Widget.error(Widget.java:500)
	at org.eclipse.swt.widgets.Widget.checkWidget(Widget.java:420)
	at org.eclipse.swt.widgets.Widget.checkParent(Widget.java:351)
	at org.eclipse.swt.widgets.Widget.<init>(Widget.java:182)
	at org.eclipse.swt.widgets.Control.<init>(Control.java:119)
	at org.eclipse.swt.widgets.Scrollable.<init>(Scrollable.java:85)
	at org.eclipse.swt.widgets.Composite.<init>(Composite.java:103)
	at org.eclipse.ui.splash.BasicSplashHandler.getBundleProgressMonitor(BasicSplashHandler.java:136)
	at org.jkiss.dbeaver.ui.app.standalone.DBeaverSplashHandler.getBundleProgressMonitor(DBeaverSplashHandler.java:88)
	at org.jkiss.dbeaver.ui.app.standalone.DBeaverSplashHandler.getActiveMonitor(DBeaverSplashHandler.java:47)
	at org.jkiss.dbeaver.ui.app.standalone.DBeaverSplashHandler.showMessage(DBeaverSplashHandler.java:162)
	at org.jkiss.dbeaver.ui.app.standalone.DBeaverApplication.lambda$1(DBeaverApplication.java:491)
	at org.jkiss.dbeaver.Log.debugMessage(Log.java:280)
	at org.jkiss.dbeaver.Log.debug(Log.java:249)
	at org.jkiss.dbeaver.Log.debug(Log.java:238)
	at org.jkiss.dbeaver.core.DesktopPlatform.dispose(DesktopPlatform.java:207)
	at org.jkiss.dbeaver.core.DBeaverActivator.shutdownCore(DBeaverActivator.java:198)
	at org.jkiss.dbeaver.core.DBeaverActivator.stop(DBeaverActivator.java:162)
	at org.eclipse.osgi.internal.framework.BundleContextImpl$3.run(BundleContextImpl.java:903)
	at org.eclipse.osgi.internal.framework.BundleContextImpl$3.run(BundleContextImpl.java:1)
	at java.base/java.security.AccessController.doPrivileged(Unknown Source)
	at org.eclipse.osgi.internal.framework.BundleContextImpl.stop(BundleContextImpl.java:895)
	at org.eclipse.osgi.internal.framework.EquinoxBundle.stopWorker0(EquinoxBundle.java:1071)
	at org.eclipse.osgi.internal.framework.EquinoxBundle$EquinoxModule.stopWorker(EquinoxBundle.java:392)
	at org.eclipse.osgi.container.Module.doStop(Module.java:695)
	at org.eclipse.osgi.container.Module.stop(Module.java:554)
	at org.eclipse.osgi.container.ModuleContainer$ContainerStartLevel.decStartLevel(ModuleContainer.java:2116)
	at org.eclipse.osgi.container.ModuleContainer$ContainerStartLevel.doContainerStartLevel(ModuleContainer.java:1986)
	at org.eclipse.osgi.container.SystemModule.stopWorker(SystemModule.java:281)
	at org.eclipse.osgi.internal.framework.EquinoxBundle$SystemBundle$EquinoxSystemModule.stopWorker(EquinoxBundle.java:222)
	at org.eclipse.osgi.container.Module.doStop(Module.java:695)
	at org.eclipse.osgi.container.Module.stop(Module.java:554)
	at org.eclipse.osgi.container.SystemModule.stop(SystemModule.java:212)
	at org.eclipse.osgi.internal.framework.EquinoxBundle$SystemBundle$EquinoxSystemModule$1.run(EquinoxBundle.java:240)
	at java.base/java.lang.Thread.run(Unknown Source)
2024-12-09 10:12:46.944 - Can't get column 'password': Column 'password' not found.
2024-12-09 10:13:42.601 - Execution context closed (localhost 2, 2)
2024-12-09 10:13:42.992 - Dispose navigator model
2024-12-09 10:13:43.028 - DBeaver is stopping
2024-12-09 10:13:43.085 - Stop instance server
2024-12-09 10:13:44.041 - DBeaver shutdown completed
